####<Jul 18, 2014 3:42:51 PM EDT> <Info> <Security> <74cedf75a32c> <> <[ACTIVE] ExecuteThread: '0' for queue: 'weblogic.kernel.Default (self-tuning)'> <> <> <> <1405712571994> <BEA-000000> <Disabling the CryptoJ JCE Provider self-integrity check for better startup performance. To enable this check, specify -Dweblogic.security.allowCryptoJDefaultJCEVerification=true.> 
####<Jul 18, 2014 3:42:52 PM EDT> <Info> <Security> <74cedf75a32c> <> <[ACTIVE] ExecuteThread: '0' for queue: 'weblogic.kernel.Default (self-tuning)'> <> <> <> <1405712572128> <BEA-000000> <Changing the default Random Number Generator in RSA CryptoJ from ECDRBG to FIPS186PRNG. To disable this change, specify -Dweblogic.security.allowCryptoJDefaultPRNG=true.> 
####<Jul 18, 2014 3:42:52 PM EDT> <Info> <WebLogicServer> <74cedf75a32c> <> <[ACTIVE] ExecuteThread: '0' for queue: 'weblogic.kernel.Default (self-tuning)'> <> <> <> <1405712572498> <BEA-000000> <Starting WebLogic Server with Java HotSpot(TM) 64-Bit Server VM Version 24.51-b03 from Oracle Corporation.> 
####<Jul 18, 2014 3:42:53 PM EDT> <Info> <Management> <74cedf75a32c> <> <[ACTIVE] ExecuteThread: '0' for queue: 'weblogic.kernel.Default (self-tuning)'> <> <> <> <1405712573525> <BEA-000000> <Version: WebLogic Server 12.1.2.0.0  Fri Jun 7 15:16:15 PDT 2013 1530982 WLS_12.1.2.0.0_GENERIC_130607.1100> 
####<Jul 18, 2014 3:42:55 PM EDT> <Notice> <WebLogicServer> <74cedf75a32c> <> <[ACTIVE] ExecuteThread: '0' for queue: 'weblogic.kernel.Default (self-tuning)'> <> <> <> <1405712575184> <BEA-000000> <Server state changed to STARTING.> 
####<Jul 18, 2014 3:42:55 PM EDT> <Info> <WorkManager> <74cedf75a32c> <> <[ACTIVE] ExecuteThread: '0' for queue: 'weblogic.kernel.Default (self-tuning)'> <> <> <> <1405712575191> <BEA-000000> <Initializing self-tuning thread pool.> 
####<Jul 18, 2014 3:42:55 PM EDT> <Info> <WebLogicServer> <74cedf75a32c> <> <[ACTIVE] ExecuteThread: '0' for queue: 'weblogic.kernel.Default (self-tuning)'> <> <> <> <1405712575254> <BEA-000000> <WebLogic Server "myserver" version:
WebLogic Server 12.1.2.0.0  Fri Jun 7 15:16:15 PDT 2013 1530982 WLS_12.1.2.0.0_GENERIC_130607.1100 Copyright (c) 1995, 2013, Oracle and/or its affiliates. All rights reserved.> 
####<Jul 18, 2014 3:42:55 PM EDT> <Notice> <Log Management> <74cedf75a32c> <> <[ACTIVE] ExecuteThread: '0' for queue: 'weblogic.kernel.Default (self-tuning)'> <> <> <> <1405712575309> <BEA-170019> <The server log file /appl/oracle/middleware/wls/wls12120/user_projects/domains/mydomain/servers/myserver/logs/myserver.log is opened. All server side log events will be written to this file.> 
####<Jul 18, 2014 3:42:55 PM EDT> <Info> <Log Management> <74cedf75a32c> <> <[ACTIVE] ExecuteThread: '0' for queue: 'weblogic.kernel.Default (self-tuning)'> <> <> <> <1405712575316> <BEA-170023> <The Server Logging is initialized with Java Logging API implementation.> 
####<Jul 18, 2014 3:42:55 PM EDT> <Info> <Diagnostics> <74cedf75a32c> <myserver> <[ACTIVE] ExecuteThread: '0' for queue: 'weblogic.kernel.Default (self-tuning)'> <<WLS Kernel>> <> <> <1405712575370> <BEA-320001> <The ServerDebug service initialized successfully.> 
####<Jul 18, 2014 3:42:55 PM EDT> <Info> <Store> <74cedf75a32c> <myserver> <[ACTIVE] ExecuteThread: '0' for queue: 'weblogic.kernel.Default (self-tuning)'> <<WLS Kernel>> <> <> <1405712575502> <BEA-280008> <Opening the persistent file store "WLS_DIAGNOSTICS" for recovery: directory=/appl/oracle/middleware/wls/wls12120/user_projects/domains/mydomain/servers/myserver/data/store/diagnostics requestedWritePolicy="Disabled" fileLockingEnabled=true driver="wlfileio3".> 
####<Jul 18, 2014 3:42:55 PM EDT> <Info> <Store> <74cedf75a32c> <myserver> <[ACTIVE] ExecuteThread: '0' for queue: 'weblogic.kernel.Default (self-tuning)'> <<WLS Kernel>> <> <> <1405712575520> <BEA-280103> <The persistent file store "WLS_DIAGNOSTICS" will cache in weblogic.store.io.file.direct.FileMapping[granularity=4096 io=mapped].> 
####<Jul 18, 2014 3:42:55 PM EDT> <Info> <Store> <74cedf75a32c> <myserver> <[ACTIVE] ExecuteThread: '0' for queue: 'weblogic.kernel.Default (self-tuning)'> <<WLS Kernel>> <> <> <1405712575561> <BEA-280009> <The persistent file store "WLS_DIAGNOSTICS" (c293f7b9-a851-43cd-ad2e-3f1afe0a1292) has been opened: blockSize=512 actualWritePolicy="Disabled(single-handle-non-direct)" explicitIOEnforced=false records=23.> 
####<Jul 18, 2014 3:42:55 PM EDT> <Info> <Server> <74cedf75a32c> <myserver> <[ACTIVE] ExecuteThread: '1' for queue: 'weblogic.kernel.Default (self-tuning)'> <<WLS Kernel>> <> <> <1405712575614> <BEA-002622> <The protocol "t3" is now configured.> 
####<Jul 18, 2014 3:42:55 PM EDT> <Info> <Server> <74cedf75a32c> <myserver> <[ACTIVE] ExecuteThread: '1' for queue: 'weblogic.kernel.Default (self-tuning)'> <<WLS Kernel>> <> <> <1405712575614> <BEA-002622> <The protocol "t3s" is now configured.> 
####<Jul 18, 2014 3:42:55 PM EDT> <Info> <Server> <74cedf75a32c> <myserver> <[ACTIVE] ExecuteThread: '1' for queue: 'weblogic.kernel.Default (self-tuning)'> <<WLS Kernel>> <> <> <1405712575615> <BEA-002622> <The protocol "http" is now configured.> 
####<Jul 18, 2014 3:42:55 PM EDT> <Info> <Server> <74cedf75a32c> <myserver> <[ACTIVE] ExecuteThread: '1' for queue: 'weblogic.kernel.Default (self-tuning)'> <<WLS Kernel>> <> <> <1405712575615> <BEA-002622> <The protocol "https" is now configured.> 
####<Jul 18, 2014 3:42:55 PM EDT> <Info> <Server> <74cedf75a32c> <myserver> <[ACTIVE] ExecuteThread: '1' for queue: 'weblogic.kernel.Default (self-tuning)'> <<WLS Kernel>> <> <> <1405712575616> <BEA-002622> <The protocol "iiop" is now configured.> 
####<Jul 18, 2014 3:42:55 PM EDT> <Info> <Server> <74cedf75a32c> <myserver> <[ACTIVE] ExecuteThread: '1' for queue: 'weblogic.kernel.Default (self-tuning)'> <<WLS Kernel>> <> <> <1405712575616> <BEA-002622> <The protocol "iiops" is now configured.> 
####<Jul 18, 2014 3:42:55 PM EDT> <Info> <Server> <74cedf75a32c> <myserver> <[ACTIVE] ExecuteThread: '1' for queue: 'weblogic.kernel.Default (self-tuning)'> <<WLS Kernel>> <> <> <1405712575617> <BEA-002622> <The protocol "ldap" is now configured.> 
####<Jul 18, 2014 3:42:55 PM EDT> <Info> <Server> <74cedf75a32c> <myserver> <[ACTIVE] ExecuteThread: '1' for queue: 'weblogic.kernel.Default (self-tuning)'> <<WLS Kernel>> <> <> <1405712575618> <BEA-002622> <The protocol "ldaps" is now configured.> 
####<Jul 18, 2014 3:42:55 PM EDT> <Info> <Server> <74cedf75a32c> <myserver> <[ACTIVE] ExecuteThread: '1' for queue: 'weblogic.kernel.Default (self-tuning)'> <<WLS Kernel>> <> <> <1405712575624> <BEA-002622> <The protocol "cluster" is now configured.> 
####<Jul 18, 2014 3:42:55 PM EDT> <Info> <Server> <74cedf75a32c> <myserver> <[ACTIVE] ExecuteThread: '1' for queue: 'weblogic.kernel.Default (self-tuning)'> <<WLS Kernel>> <> <> <1405712575625> <BEA-002622> <The protocol "clusters" is now configured.> 
####<Jul 18, 2014 3:42:55 PM EDT> <Info> <Server> <74cedf75a32c> <myserver> <[ACTIVE] ExecuteThread: '1' for queue: 'weblogic.kernel.Default (self-tuning)'> <<WLS Kernel>> <> <> <1405712575631> <BEA-002622> <The protocol "snmp" is now configured.> 
####<Jul 18, 2014 3:42:55 PM EDT> <Info> <Server> <74cedf75a32c> <myserver> <[ACTIVE] ExecuteThread: '1' for queue: 'weblogic.kernel.Default (self-tuning)'> <<WLS Kernel>> <> <> <1405712575632> <BEA-002622> <The protocol "admin" is now configured.> 
####<Jul 18, 2014 3:42:55 PM EDT> <Info> <Server> <74cedf75a32c> <myserver> <[ACTIVE] ExecuteThread: '1' for queue: 'weblogic.kernel.Default (self-tuning)'> <<WLS Kernel>> <> <> <1405712575632> <BEA-002624> <The administration protocol is "t3s" and is now configured.> 
####<Jul 18, 2014 3:42:55 PM EDT> <Info> <RJVM> <74cedf75a32c> <myserver> <[ACTIVE] ExecuteThread: '0' for queue: 'weblogic.kernel.Default (self-tuning)'> <<WLS Kernel>> <> <> <1405712575644> <BEA-000570> <Network Configuration for Channel "myserver"
 Listen Address		 :7001
 Public Address		 N/A
 Http Enabled		 true
 Tunneling Enabled	 false
 Outbound Enabled	 false
 Admin Traffic Enabled	 true> 
####<Jul 18, 2014 3:42:55 PM EDT> <Info> <Server> <74cedf75a32c> <myserver> <[ACTIVE] ExecuteThread: '0' for queue: 'weblogic.kernel.Default (self-tuning)'> <<WLS Kernel>> <> <> <1405712575682> <BEA-002609> <Channel Service initialized.> 
####<Jul 18, 2014 3:42:55 PM EDT> <Info> <Socket> <74cedf75a32c> <myserver> <[ACTIVE] ExecuteThread: '1' for queue: 'weblogic.kernel.Default (self-tuning)'> <<WLS Kernel>> <> <> <1405712575706> <BEA-000436> <Allocating 2 reader threads.> 
####<Jul 18, 2014 3:42:55 PM EDT> <Info> <Socket> <74cedf75a32c> <myserver> <[ACTIVE] ExecuteThread: '1' for queue: 'weblogic.kernel.Default (self-tuning)'> <<WLS Kernel>> <> <> <1405712575707> <BEA-000446> <Native I/O enabled.> 
####<Jul 18, 2014 3:42:55 PM EDT> <Info> <IIOP> <74cedf75a32c> <myserver> <[ACTIVE] ExecuteThread: '1' for queue: 'weblogic.kernel.Default (self-tuning)'> <<WLS Kernel>> <> <> <1405712575848> <BEA-002014> <IIOP subsystem enabled.> 
####<Jul 18, 2014 3:42:57 PM EDT> <Info> <Security> <74cedf75a32c> <myserver> <[ACTIVE] ExecuteThread: '0' for queue: 'weblogic.kernel.Default (self-tuning)'> <<WLS Kernel>> <> <> <1405712577576> <BEA-000000> <Starting OpenJPA 1.1.1-SNAPSHOT> 
####<Jul 18, 2014 3:42:57 PM EDT> <Info> <Security> <74cedf75a32c> <myserver> <[ACTIVE] ExecuteThread: '0' for queue: 'weblogic.kernel.Default (self-tuning)'> <<WLS Kernel>> <> <> <1405712577900> <BEA-000000> <StoreServiceImpl.initJDO - StoreService is initialized with Id = ldap_N7RnvpV9odLdjC4rJvjItRaoDqc=> 
####<Jul 18, 2014 3:42:58 PM EDT> <Info> <Security> <74cedf75a32c> <myserver> <[ACTIVE] ExecuteThread: '0' for queue: 'weblogic.kernel.Default (self-tuning)'> <<WLS Kernel>> <> <> <1405712578029> <BEA-090516> <The Authenticator provider has pre-existing LDAP data.> 
####<Jul 18, 2014 3:42:58 PM EDT> <Info> <Security> <74cedf75a32c> <myserver> <[ACTIVE] ExecuteThread: '0' for queue: 'weblogic.kernel.Default (self-tuning)'> <<WLS Kernel>> <> <> <1405712578209> <BEA-000000> <BootStrapServiceImpl.loadLDIFTemplate - We switched to a different store, will load full LDIFT.> 
####<Jul 18, 2014 3:42:58 PM EDT> <Info> <Security> <74cedf75a32c> <myserver> <[ACTIVE] ExecuteThread: '0' for queue: 'weblogic.kernel.Default (self-tuning)'> <<WLS Kernel>> <> <> <1405712578215> <BEA-090074> <Initializing Authorizer provider using LDIF template file /appl/oracle/middleware/wls/wls12120/wlserver/server/lib/XACMLAuthorizerInit.ldift.> 
####<Jul 18, 2014 3:42:58 PM EDT> <Info> <Security> <74cedf75a32c> <myserver> <[ACTIVE] ExecuteThread: '0' for queue: 'weblogic.kernel.Default (self-tuning)'> <<WLS Kernel>> <> <> <1405712578706> <BEA-090075> <The Authorizer provider has had its LDIF information loaded from: /appl/oracle/middleware/wls/wls12120/wlserver/server/lib/XACMLAuthorizerInit.ldift> 
####<Jul 18, 2014 3:42:59 PM EDT> <Info> <Security> <74cedf75a32c> <myserver> <[ACTIVE] ExecuteThread: '0' for queue: 'weblogic.kernel.Default (self-tuning)'> <<WLS Kernel>> <> <> <1405712579027> <BEA-000000> <BootStrapServiceImpl.loadLDIFTemplate - We switched to a different store, will load full LDIFT.> 
####<Jul 18, 2014 3:42:59 PM EDT> <Info> <Security> <74cedf75a32c> <myserver> <[ACTIVE] ExecuteThread: '0' for queue: 'weblogic.kernel.Default (self-tuning)'> <<WLS Kernel>> <> <> <1405712579028> <BEA-090827> <LDIF template file /appl/oracle/middleware/wls/wls12120/wlserver/server/lib/DefaultCredentialMapperInit.ldift was empty. The WebLogic provider CredentialMapper has been bootstrapped but has not been initialized with any LDIF data.> 
####<Jul 18, 2014 3:42:59 PM EDT> <Info> <Security> <74cedf75a32c> <myserver> <[ACTIVE] ExecuteThread: '0' for queue: 'weblogic.kernel.Default (self-tuning)'> <<WLS Kernel>> <> <> <1405712579042> <BEA-000000> <BootStrapServiceImpl.loadLDIFTemplate - We switched to a different store, will load full LDIFT.> 
####<Jul 18, 2014 3:42:59 PM EDT> <Info> <Security> <74cedf75a32c> <myserver> <[ACTIVE] ExecuteThread: '0' for queue: 'weblogic.kernel.Default (self-tuning)'> <<WLS Kernel>> <> <> <1405712579043> <BEA-090074> <Initializing RoleMapper provider using LDIF template file /appl/oracle/middleware/wls/wls12120/user_projects/domains/mydomain/security/XACMLRoleMapperInit.ldift.> 
####<Jul 18, 2014 3:42:59 PM EDT> <Info> <Security> <74cedf75a32c> <myserver> <[ACTIVE] ExecuteThread: '0' for queue: 'weblogic.kernel.Default (self-tuning)'> <<WLS Kernel>> <> <> <1405712579078> <BEA-090075> <The RoleMapper provider has had its LDIF information loaded from: /appl/oracle/middleware/wls/wls12120/user_projects/domains/mydomain/security/XACMLRoleMapperInit.ldift> 
####<Jul 18, 2014 3:42:59 PM EDT> <Info> <Security> <74cedf75a32c> <myserver> <[ACTIVE] ExecuteThread: '0' for queue: 'weblogic.kernel.Default (self-tuning)'> <<WLS Kernel>> <> <> <1405712579189> <BEA-090093> <No pre-WLS 8.1 Keystore providers are configured for server myserver for security realm myrealm.> 
####<Jul 18, 2014 3:42:59 PM EDT> <Notice> <Security> <74cedf75a32c> <myserver> <[ACTIVE] ExecuteThread: '0' for queue: 'weblogic.kernel.Default (self-tuning)'> <<WLS Kernel>> <> <> <1405712579189> <BEA-090082> <Security initializing using security realm myrealm.> 
####<Jul 18, 2014 3:43:00 PM EDT> <Info> <Server> <74cedf75a32c> <myserver> <[ACTIVE] ExecuteThread: '2' for queue: 'weblogic.kernel.Default (self-tuning)'> <<WLS Kernel>> <> <> <1405712580465> <BEA-002622> <The protocol "[https, t3, snmp, cluster-broadcast-secure, ldaps, cluster-broadcast, ldap, http, iiop, admin, t3s, iiops]" is now configured.> 
####<Jul 18, 2014 3:43:00 PM EDT> <Info> <XML> <74cedf75a32c> <myserver> <[ACTIVE] ExecuteThread: '1' for queue: 'weblogic.kernel.Default (self-tuning)'> <<WLS Kernel>> <> <> <1405712580491> <BEA-130036> <Initializing XMLRegistry> 
####<Jul 18, 2014 3:43:00 PM EDT> <Info> <messaging.interception> <74cedf75a32c> <myserver> <[ACTIVE] ExecuteThread: '0' for queue: 'weblogic.kernel.Default (self-tuning)'> <<WLS Kernel>> <> <> <1405712580496> <BEA-400000> <Initializing message interception service.> 
####<Jul 18, 2014 3:43:01 PM EDT> <Info> <Store> <74cedf75a32c> <myserver> <[ACTIVE] ExecuteThread: '0' for queue: 'weblogic.kernel.Default (self-tuning)'> <<WLS Kernel>> <> <> <1405712581149> <BEA-280008> <Opening the persistent file store "_WLS_myserver" for recovery: directory=/appl/oracle/middleware/wls/wls12120/user_projects/domains/mydomain/servers/myserver/data/store/default requestedWritePolicy="Direct-Write" fileLockingEnabled=true driver="wlfileio3".> 
####<Jul 18, 2014 3:43:03 PM EDT> <Info> <Store> <74cedf75a32c> <myserver> <[ACTIVE] ExecuteThread: '0' for queue: 'weblogic.kernel.Default (self-tuning)'> <<WLS Kernel>> <> <> <1405712583020> <BEA-280009> <The persistent file store "_WLS_myserver" (bf05d0e6-b611-492a-8445-6fd6d5f48adb) has been opened: blockSize=512 actualWritePolicy="Direct-Write(read-buffered)" explicitIOEnforced=false records=11.> 
####<Jul 18, 2014 3:43:03 PM EDT> <Info> <JDBC> <74cedf75a32c> <myserver> <[ACTIVE] ExecuteThread: '1' for queue: 'weblogic.kernel.Default (self-tuning)'> <<WLS Kernel>> <> <> <1405712583330> <BEA-001135> <Initializing the JDBC service.> 
####<Jul 18, 2014 3:43:03 PM EDT> <Info> <JDBC> <74cedf75a32c> <myserver> <[ACTIVE] ExecuteThread: '1' for queue: 'weblogic.kernel.Default (self-tuning)'> <<WLS Kernel>> <> <> <1405712583383> <BEA-001137> <Initialization complete.> 
####<Jul 18, 2014 3:43:03 PM EDT> <Info> <JDBC> <74cedf75a32c> <myserver> <[ACTIVE] ExecuteThread: '1' for queue: 'weblogic.kernel.Default (self-tuning)'> <<WLS Kernel>> <> <> <1405712583383> <BEA-001138> <Resuming the JDBC service.> 
####<Jul 18, 2014 3:43:03 PM EDT> <Info> <JDBC> <74cedf75a32c> <myserver> <[ACTIVE] ExecuteThread: '1' for queue: 'weblogic.kernel.Default (self-tuning)'> <<WLS Kernel>> <> <> <1405712583384> <BEA-001140> <Resume complete.> 
####<Jul 18, 2014 3:43:03 PM EDT> <Info> <Connector> <74cedf75a32c> <myserver> <[ACTIVE] ExecuteThread: '0' for queue: 'weblogic.kernel.Default (self-tuning)'> <<WLS Kernel>> <> <> <1405712583496> <BEA-190000> <Initializing J2EE Connector Service.> 
####<Jul 18, 2014 3:43:03 PM EDT> <Info> <Connector> <74cedf75a32c> <myserver> <[ACTIVE] ExecuteThread: '0' for queue: 'weblogic.kernel.Default (self-tuning)'> <<WLS Kernel>> <> <> <1405712583499> <BEA-190001> <J2EE Connector Service initialized successfully.> 
####<Jul 18, 2014 3:43:03 PM EDT> <Info> <JMS> <74cedf75a32c> <myserver> <[ACTIVE] ExecuteThread: '1' for queue: 'weblogic.kernel.Default (self-tuning)'> <<WLS Kernel>> <> <> <1405712583778> <BEA-040305> <JMS service is initialized and in standby mode.> 
####<Jul 18, 2014 3:43:03 PM EDT> <Info> <JMS> <74cedf75a32c> <myserver> <[ACTIVE] ExecuteThread: '1' for queue: 'weblogic.kernel.Default (self-tuning)'> <<WLS Kernel>> <> <> <1405712583915> <BEA-040090> <Deployed 8 default connection factories.> 
####<Jul 18, 2014 3:43:03 PM EDT> <Info> <JMS> <74cedf75a32c> <myserver> <[ACTIVE] ExecuteThread: '1' for queue: 'weblogic.kernel.Default (self-tuning)'> <<WLS Kernel>> <> <> <1405712583930> <BEA-040407> <Default connection factory "DefaultXAConnectionFactory2" with its JNDI name "weblogic.jms.XAConnectionFactory2" is started.> 
####<Jul 18, 2014 3:43:03 PM EDT> <Info> <JMS> <74cedf75a32c> <myserver> <[ACTIVE] ExecuteThread: '1' for queue: 'weblogic.kernel.Default (self-tuning)'> <<WLS Kernel>> <> <> <1405712583930> <BEA-040407> <Default connection factory "MessageDrivenBeanConnectionFactory" with its JNDI name "weblogic.jms.MessageDrivenBeanConnectionFactory" is started.> 
####<Jul 18, 2014 3:43:03 PM EDT> <Info> <JMS> <74cedf75a32c> <myserver> <[ACTIVE] ExecuteThread: '1' for queue: 'weblogic.kernel.Default (self-tuning)'> <<WLS Kernel>> <> <> <1405712583930> <BEA-040407> <Default connection factory "DefaultConnectionFactory" with its JNDI name "weblogic.jms.ConnectionFactory" is started.> 
####<Jul 18, 2014 3:43:03 PM EDT> <Info> <JMS> <74cedf75a32c> <myserver> <[ACTIVE] ExecuteThread: '1' for queue: 'weblogic.kernel.Default (self-tuning)'> <<WLS Kernel>> <> <> <1405712583930> <BEA-040407> <Default connection factory "TopicConnectionFactory" with its JNDI name "javax.jms.TopicConnectionFactory" is started.> 
####<Jul 18, 2014 3:43:03 PM EDT> <Info> <JMS> <74cedf75a32c> <myserver> <[ACTIVE] ExecuteThread: '1' for queue: 'weblogic.kernel.Default (self-tuning)'> <<WLS Kernel>> <> <> <1405712583930> <BEA-040407> <Default connection factory "DefaultXAConnectionFactory" with its JNDI name "weblogic.jms.XAConnectionFactory" is started.> 
####<Jul 18, 2014 3:43:03 PM EDT> <Info> <JMS> <74cedf75a32c> <myserver> <[ACTIVE] ExecuteThread: '1' for queue: 'weblogic.kernel.Default (self-tuning)'> <<WLS Kernel>> <> <> <1405712583930> <BEA-040407> <Default connection factory "DefaultXAConnectionFactory0" with its JNDI name "weblogic.jms.XAConnectionFactory0" is started.> 
####<Jul 18, 2014 3:43:03 PM EDT> <Info> <JMS> <74cedf75a32c> <myserver> <[ACTIVE] ExecuteThread: '1' for queue: 'weblogic.kernel.Default (self-tuning)'> <<WLS Kernel>> <> <> <1405712583931> <BEA-040407> <Default connection factory "QueueConnectionFactory" with its JNDI name "javax.jms.QueueConnectionFactory" is started.> 
####<Jul 18, 2014 3:43:03 PM EDT> <Info> <JMS> <74cedf75a32c> <myserver> <[ACTIVE] ExecuteThread: '1' for queue: 'weblogic.kernel.Default (self-tuning)'> <<WLS Kernel>> <> <> <1405712583931> <BEA-040407> <Default connection factory "DefaultXAConnectionFactory1" with its JNDI name "weblogic.jms.XAConnectionFactory1" is started.> 
####<Jul 18, 2014 3:43:03 PM EDT> <Info> <JMS> <74cedf75a32c> <myserver> <[ACTIVE] ExecuteThread: '1' for queue: 'weblogic.kernel.Default (self-tuning)'> <<WLS Kernel>> <> <> <1405712583932> <BEA-040306> <JMS service is active now.> 
####<Jul 18, 2014 3:43:04 PM EDT> <Info> <HTTP> <74cedf75a32c> <myserver> <[ACTIVE] ExecuteThread: '0' for queue: 'weblogic.kernel.Default (self-tuning)'> <<WLS Kernel>> <> <> <1405712584033> <BEA-101128> <Initializing HTTP services.> 
####<Jul 18, 2014 3:43:04 PM EDT> <Info> <HTTP> <74cedf75a32c> <myserver> <[ACTIVE] ExecuteThread: '0' for queue: 'weblogic.kernel.Default (self-tuning)'> <<WLS Kernel>> <> <> <1405712584226> <BEA-101135> <myserver is the default Web server.> 
####<Jul 18, 2014 3:43:04 PM EDT> <Info> <HTTP> <74cedf75a32c> <myserver> <[ACTIVE] ExecuteThread: '0' for queue: 'weblogic.kernel.Default (self-tuning)'> <<WLS Kernel>> <> <> <1405712584227> <BEA-101052> <[HttpServer (defaultWebserver) name: myserver] Initialized> 
####<Jul 18, 2014 3:43:04 PM EDT> <Info> <HTTP> <74cedf75a32c> <myserver> <[ACTIVE] ExecuteThread: '0' for queue: 'weblogic.kernel.Default (self-tuning)'> <<WLS Kernel>> <> <> <1405712584261> <BEA-101129> <Initializing the Web application container.> 
####<Jul 18, 2014 3:43:04 PM EDT> <Info> <JMX> <74cedf75a32c> <myserver> <[ACTIVE] ExecuteThread: '1' for queue: 'weblogic.kernel.Default (self-tuning)'> <<WLS Kernel>> <> <> <1405712584823> <BEA-149512> <JMX Connector Server started at service:jmx:iiop://172.17.0.13:7001/jndi/weblogic.management.mbeanservers.runtime.> 
####<Jul 18, 2014 3:43:04 PM EDT> <Info> <JMX> <74cedf75a32c> <myserver> <[ACTIVE] ExecuteThread: '0' for queue: 'weblogic.kernel.Default (self-tuning)'> <<WLS Kernel>> <> <> <1405712584853> <BEA-149512> <JMX Connector Server started at service:jmx:iiop://172.17.0.13:7001/jndi/weblogic.management.mbeanservers.edit.> 
####<Jul 18, 2014 3:43:04 PM EDT> <Info> <JMX> <74cedf75a32c> <myserver> <[ACTIVE] ExecuteThread: '0' for queue: 'weblogic.kernel.Default (self-tuning)'> <<WLS Kernel>> <> <> <1405712584883> <BEA-149512> <JMX Connector Server started at service:jmx:iiop://172.17.0.13:7001/jndi/weblogic.management.mbeanservers.domainruntime.> 
####<Jul 18, 2014 3:43:04 PM EDT> <Info> <Management> <74cedf75a32c> <myserver> <[ACTIVE] ExecuteThread: '2' for queue: 'weblogic.kernel.Default (self-tuning)'> <<WLS Kernel>> <> <> <1405712584973> <BEA-141278> <Java entropy configuration is: System property "java.security.egd= null"; JRE's java.security file property "securerandom.source= file:/dev/urandom"; Blocking Config= false; JDK version= 1.7.0_51; Operating System= Linux.> 
####<Jul 18, 2014 3:43:04 PM EDT> <Info> <Management> <74cedf75a32c> <myserver> <[ACTIVE] ExecuteThread: '2' for queue: 'weblogic.kernel.Default (self-tuning)'> <<WLS Kernel>> <> <> <1405712584974> <BEA-141280> <Detected NON-BLOCKING java entropy configuration. This setting will provide the best performance on machines with few sources of entropy, but is less secure than a blocking entropy configuration.> 
####<Jul 18, 2014 3:43:04 PM EDT> <Info> <Management> <74cedf75a32c> <myserver> <[ACTIVE] ExecuteThread: '2' for queue: 'weblogic.kernel.Default (self-tuning)'> <<WLS Kernel>> <> <> <1405712584975> <BEA-141187> <Java system properties are defined as follows: 
awt.toolkit = sun.awt.X11.XToolkit
file.encoding = ANSI_X3.4-1968
file.encoding.pkg = sun.io
file.separator = /
java.awt.graphicsenv = sun.awt.X11GraphicsEnvironment
java.awt.printerjob = sun.print.PSPrinterJob
java.class.path = /appl/java/jdk1.7.0_51/lib/tools.jar:/appl/oracle/middleware/wls/wls12120/wlserver/server/lib/weblogic_sp.jar:/appl/oracle/middleware/wls/wls12120/wlserver/server/lib/weblogic.jar:/appl/oracle/middleware/wls/wls12120/wlserver/server/lib/webservices.jar:/appl/oracle/middleware/wls/wls12120/oracle_common/modules/org.apache.ant_1.7.1/lib/ant-all.jar:/appl/oracle/middleware/wls/wls12120/oracle_common/modules/net.sf.antcontrib_1.1.0.0_1-0b2/lib/ant-contrib.jar:/appl/oracle/middleware/wls/wls12120/wlserver/modules/features/oracle.wls.common.nodemanager_1.0.0.0.jar:/appl/oracle/middleware/wls/wls12120/oracle_common/modules/com.oracle.cie.config-wls-online_8.0.0.0.jar:/appl/oracle/middleware/wls/wls12120/wlserver/common/derby/lib/derbyclient.jar:/appl/oracle/middleware/wls/wls12120/wlserver/common/derby/lib/derby.jar:/appl/oracle/middleware/wls/wls12120/wlserver/server/lib/xqrl.jar
java.class.version = 51.0
java.endorsed.dirs = /appl/java/jdk1.7.0_51/jre/lib/endorsed:/appl/oracle/middleware/wls/wls12120/oracle_common/modules/endorsed
java.ext.dirs = /appl/java/jdk1.7.0_51/jre/lib/ext:/usr/java/packages/lib/ext
java.home = /appl/java/jdk1.7.0_51/jre
java.io.tmpdir = /tmp
java.library.path = :/appl/oracle/middleware/wls/wls12120/wlserver/server/native/linux/x86_64:/appl/oracle/middleware/wls/wls12120/wlserver/server/native/linux/x86_64/oci920_8:/usr/java/packages/lib/amd64:/usr/lib64:/lib64:/lib:/usr/lib
java.naming.factory.initial = weblogic.jndi.WLInitialContextFactory
java.naming.factory.url.pkgs = weblogic.jndi.factories:weblogic.corba.j2ee.naming.url:weblogic.jndi.factories:weblogic.corba.j2ee.naming.url
java.runtime.name = Java(TM) SE Runtime Environment
java.runtime.version = 1.7.0_51-b13
java.security.policy = /appl/oracle/middleware/wls/wls12120/wlserver/server/lib/weblogic.policy
java.specification.name = Java Platform API Specification
java.specification.vendor = Oracle Corporation
java.specification.version = 1.7
java.vendor = Oracle Corporation
java.vendor.url = http://java.oracle.com/
java.vendor.url.bug = http://bugreport.sun.com/bugreport/
java.version = 1.7.0_51
java.vm.info = mixed mode
java.vm.name = Java HotSpot(TM) 64-Bit Server VM
java.vm.specification.name = Java Virtual Machine Specification
java.vm.specification.vendor = Oracle Corporation
java.vm.specification.version = 1.7
java.vm.vendor = Oracle Corporation
java.vm.version = 24.51-b03
javax.management.builder.initial = weblogic.management.jmx.mbeanserver.WLSMBeanServerBuilder
javax.rmi.CORBA.PortableRemoteObjectClass = weblogic.iiop.PortableRemoteObjectDelegateImpl
javax.rmi.CORBA.UtilClass = weblogic.iiop.UtilDelegateImpl
org.omg.CORBA.ORBClass = weblogic.corba.orb.ORB
org.omg.CORBA.ORBSingletonClass = weblogic.corba.orb.ORB
os.arch = amd64
os.name = Linux
os.version = 2.6.32-431.el6.x86_64
path.separator = :
sun.arch.data.model = 64
sun.boot.class.path = /appl/oracle/middleware/wls/wls12120/oracle_common/modules/endorsed/javax-xml-ws.jar:/appl/oracle/middleware/wls/wls12120/oracle_common/modules/endorsed/jsr250-api.jar:/appl/oracle/middleware/wls/wls12120/oracle_common/modules/endorsed/javax-xml-bind.jar:/appl/java/jdk1.7.0_51/jre/lib/resources.jar:/appl/java/jdk1.7.0_51/jre/lib/rt.jar:/appl/java/jdk1.7.0_51/jre/lib/sunrsasign.jar:/appl/java/jdk1.7.0_51/jre/lib/jsse.jar:/appl/java/jdk1.7.0_51/jre/lib/jce.jar:/appl/java/jdk1.7.0_51/jre/lib/charsets.jar:/appl/java/jdk1.7.0_51/jre/lib/jfr.jar:/appl/java/jdk1.7.0_51/jre/classes
sun.boot.library.path = /appl/java/jdk1.7.0_51/jre/lib/amd64
sun.cpu.endian = little
sun.io.unicode.encoding = UnicodeLittle
sun.java.command = weblogic.Server
sun.java.launcher = SUN_STANDARD
sun.jnu.encoding = ANSI_X3.4-1968
sun.management.compiler = HotSpot 64-Bit Tiered Compilers
sun.os.patch.level = unknown
user.country = US
user.dir = /appl/oracle/middleware/wls/wls12120/user_projects/domains/mydomain
user.home = /root
user.language = en
user.name = root
user.timezone = America/New_York
vde.home = /appl/oracle/middleware/wls/wls12120/user_projects/domains/mydomain/servers/myserver/data/ldap
weblogic.Name = myserver
weblogic.classloader.preprocessor = weblogic.diagnostics.instrumentation.DiagnosticClassPreProcessor
weblogic.home = /appl/oracle/middleware/wls/wls12120/wlserver/server
wls.home = /appl/oracle/middleware/wls/wls12120/wlserver/server
.> 
####<Jul 18, 2014 3:43:07 PM EDT> <Info> <org.hibernate.validator.util.Version> <74cedf75a32c> <myserver> <[ACTIVE] ExecuteThread: '0' for queue: 'weblogic.kernel.Default (self-tuning)'> <<WLS Kernel>> <> <> <1405712587759> <BEA-000000> <Hibernate Validator 12.1.2.0.0> 
####<Jul 18, 2014 3:43:07 PM EDT> <Info> <org.hibernate.validator.engine.resolver.DefaultTraversableResolver> <74cedf75a32c> <myserver> <[ACTIVE] ExecuteThread: '0' for queue: 'weblogic.kernel.Default (self-tuning)'> <<WLS Kernel>> <> <> <1405712587789> <BEA-000000> <Instantiated an instance of org.hibernate.validator.engine.resolver.JPATraversableResolver.> 
####<Jul 18, 2014 3:43:08 PM EDT> <Notice> <WebLogicServer> <74cedf75a32c> <myserver> <main> <<WLS Kernel>> <> <> <1405712588008> <BEA-000365> <Server state changed to STANDBY.> 
####<Jul 18, 2014 3:43:08 PM EDT> <Notice> <WebLogicServer> <74cedf75a32c> <myserver> <main> <<WLS Kernel>> <> <> <1405712588009> <BEA-000365> <Server state changed to STARTING.> 
####<Jul 18, 2014 3:43:08 PM EDT> <Info> <SAFService> <74cedf75a32c> <myserver> <[ACTIVE] ExecuteThread: '0' for queue: 'weblogic.kernel.Default (self-tuning)'> <<WLS Kernel>> <> <> <1405712588017> <BEA-281003> <The SAF service has been initialized.> 
####<Jul 18, 2014 3:43:08 PM EDT> <Info> <SAFService> <74cedf75a32c> <myserver> <[ACTIVE] ExecuteThread: '0' for queue: 'weblogic.kernel.Default (self-tuning)'> <<WLS Kernel>> <> <> <1405712588039> <BEA-281002> <The SAF service has been started.> 
####<Jul 18, 2014 3:43:08 PM EDT> <Info> <Deployer> <74cedf75a32c> <myserver> <[ACTIVE] ExecuteThread: '2' for queue: 'weblogic.kernel.Default (self-tuning)'> <<WLS Kernel>> <> <> <1405712588165> <BEA-149209> <The Slave Deployer is resuming.> 
####<Jul 18, 2014 3:43:08 PM EDT> <Info> <WebLogicServer> <74cedf75a32c> <myserver> <[ACTIVE] ExecuteThread: '2' for queue: 'weblogic.kernel.Default (self-tuning)'> <<WLS Kernel>> <> <> <1405712588281> <BEA-000256> <Invoking weblogic.transaction.internal.StartupClass.main(null)> 
####<Jul 18, 2014 3:43:08 PM EDT> <Info> <Diagnostics> <74cedf75a32c> <myserver> <[ACTIVE] ExecuteThread: '0' for queue: 'weblogic.kernel.Default (self-tuning)'> <<WLS Kernel>> <> <> <1405712588294> <BEA-320000> <The Diagnostics subsystem is initializing on Server myserver.> 
####<Jul 18, 2014 3:43:08 PM EDT> <Info> <Log Management> <74cedf75a32c> <myserver> <[ACTIVE] ExecuteThread: '0' for queue: 'weblogic.kernel.Default (self-tuning)'> <<WLS Kernel>> <> <> <1405712588316> <BEA-170025> <Initialized Domain Logging. Domain log events will be written to /appl/oracle/middleware/wls/wls12120/user_projects/domains/mydomain/servers/myserver/logs/mydomain.log.> 
####<Jul 18, 2014 3:43:08 PM EDT> <Notice> <Log Management> <74cedf75a32c> <myserver> <[ACTIVE] ExecuteThread: '1' for queue: 'weblogic.kernel.Default (self-tuning)'> <<WLS Kernel>> <> <> <1405712588316> <BEA-170027> <The server has successfully established a connection with the Domain level Diagnostic Service.> 
####<Jul 18, 2014 3:43:08 PM EDT> <Info> <Diagnostics> <74cedf75a32c> <myserver> <[ACTIVE] ExecuteThread: '0' for queue: 'weblogic.kernel.Default (self-tuning)'> <<WLS Kernel>> <> <> <1405712588515> <BEA-320077> <Initialized the Diagnostic Accessor Service.> 
####<Jul 18, 2014 3:43:08 PM EDT> <Info> <Log Management> <74cedf75a32c> <myserver> <[ACTIVE] ExecuteThread: '2' for queue: 'weblogic.kernel.Default (self-tuning)'> <<WLS Kernel>> <> <> <1405712588562> <BEA-170031> <The default Server Logging bridge has been initialized successfully.> 
####<Jul 18, 2014 3:43:08 PM EDT> <Notice> <WebLogicServer> <74cedf75a32c> <myserver> <main> <<WLS Kernel>> <> <> <1405712588589> <BEA-000365> <Server state changed to ADMIN.> 
####<Jul 18, 2014 3:43:08 PM EDT> <Notice> <WebLogicServer> <74cedf75a32c> <myserver> <main> <<WLS Kernel>> <> <> <1405712588729> <BEA-000365> <Server state changed to RESUMING.> 
####<Jul 18, 2014 3:43:08 PM EDT> <Info> <Management> <74cedf75a32c> <myserver> <[ACTIVE] ExecuteThread: '0' for queue: 'weblogic.kernel.Default (self-tuning)'> <<WLS Kernel>> <> <> <1405712588745> <BEA-141052> <The auto deployment poller has started.> 
####<Jul 18, 2014 3:43:08 PM EDT> <Info> <Server> <74cedf75a32c> <myserver> <[ACTIVE] ExecuteThread: '0' for queue: 'weblogic.kernel.Default (self-tuning)'> <<WLS Kernel>> <> <> <1405712588794> <BEA-002619> <One or more listen ports did not start properly.> 
####<Jul 18, 2014 3:43:08 PM EDT> <Info> <Server> <74cedf75a32c> <myserver> <[ACTIVE] ExecuteThread: '0' for queue: 'weblogic.kernel.Default (self-tuning)'> <<WLS Kernel>> <> <> <1405712588794> <BEA-002610> <Dynamic Listener Service initialized.> 
####<Jul 18, 2014 3:43:08 PM EDT> <Notice> <Server> <74cedf75a32c> <myserver> <[ACTIVE] ExecuteThread: '0' for queue: 'weblogic.kernel.Default (self-tuning)'> <<WLS Kernel>> <> <> <1405712588794> <BEA-002613> <Channel "Default" is now listening on 172.17.0.13:7001 for protocols iiop, t3, ldap, snmp, http.> 
####<Jul 18, 2014 3:43:08 PM EDT> <Notice> <Server> <74cedf75a32c> <myserver> <[ACTIVE] ExecuteThread: '0' for queue: 'weblogic.kernel.Default (self-tuning)'> <<WLS Kernel>> <> <> <1405712588795> <BEA-002613> <Channel "Default[3]" is now listening on 127.0.0.1:7001 for protocols iiop, t3, ldap, snmp, http.> 
####<Jul 18, 2014 3:43:08 PM EDT> <Notice> <Server> <74cedf75a32c> <myserver> <[ACTIVE] ExecuteThread: '0' for queue: 'weblogic.kernel.Default (self-tuning)'> <<WLS Kernel>> <> <> <1405712588796> <BEA-002613> <Channel "Default[2]" is now listening on 0:0:0:0:0:0:0:1:7001 for protocols iiop, t3, ldap, snmp, http.> 
####<Jul 18, 2014 3:43:08 PM EDT> <Notice> <WebLogicServer> <74cedf75a32c> <myserver> <[ACTIVE] ExecuteThread: '0' for queue: 'weblogic.kernel.Default (self-tuning)'> <<WLS Kernel>> <> <> <1405712588796> <BEA-000331> <Started the WebLogic Server Administration Server "myserver" for domain "mydomain" running in development mode.> 
####<Jul 18, 2014 3:43:08 PM EDT> <Warning> <Server> <74cedf75a32c> <myserver> <DynamicListenThread[Default[3]]> <<WLS Kernel>> <> <> <1405712588799> <BEA-002611> <The hostname "localhost", maps to multiple IP addresses: 127.0.0.1, 0:0:0:0:0:0:0:1.> 
####<Jul 18, 2014 3:43:08 PM EDT> <Error> <Server> <74cedf75a32c> <myserver> <DynamicListenThread[Default[1]]> <<WLS Kernel>> <> <> <1405712588801> <BEA-002606> <The server is unable to create a server socket for listening on channel "Default[1]". The address fe80:0:0:0:acc6:7bff:fe27:6c63 might be incorrect or another process is using port 7001: java.net.SocketException: No such device> 
####<Jul 18, 2014 3:43:08 PM EDT> <Notice> <WebLogicServer> <74cedf75a32c> <myserver> <main> <<WLS Kernel>> <> <> <1405712588862> <BEA-000365> <Server state changed to RUNNING.> 
####<Jul 18, 2014 3:43:08 PM EDT> <Notice> <WebLogicServer> <74cedf75a32c> <myserver> <main> <<WLS Kernel>> <> <> <1405712588863> <BEA-000360> <The server started in RUNNING mode.> 
####<Jul 18, 2014 3:43:10 PM EDT> <Info> <J2EE> <74cedf75a32c> <myserver> <[ACTIVE] ExecuteThread: '3' for queue: 'weblogic.kernel.Default (self-tuning)'> <<WLS Kernel>> <> <> <1405712590398> <BEA-160151> <Registered library Extension-Name: bea_wls_async_response (JAR).> 
####<Jul 18, 2014 3:43:10 PM EDT> <Info> <EJB> <74cedf75a32c> <myserver> <[ACTIVE] ExecuteThread: '0' for queue: 'weblogic.kernel.Default (self-tuning)'> <<WLS Kernel>> <> <> <1405712590854> <BEA-010008> <EJB Deploying file: mejb.jar.> 
####<Jul 18, 2014 3:43:11 PM EDT> <Info> <org.hibernate.validator.engine.resolver.DefaultTraversableResolver> <74cedf75a32c> <myserver> <[ACTIVE] ExecuteThread: '0' for queue: 'weblogic.kernel.Default (self-tuning)'> <<WLS Kernel>> <> <> <1405712591023> <BEA-000000> <Instantiated an instance of org.hibernate.validator.engine.resolver.JPATraversableResolver.> 
####<Jul 18, 2014 3:43:11 PM EDT> <Info> <org.hibernate.validator.engine.resolver.DefaultTraversableResolver> <74cedf75a32c> <myserver> <[ACTIVE] ExecuteThread: '3' for queue: 'weblogic.kernel.Default (self-tuning)'> <<WLS Kernel>> <> <> <1405712591871> <BEA-000000> <Instantiated an instance of org.hibernate.validator.engine.resolver.JPATraversableResolver.> 
####<Jul 18, 2014 3:43:12 PM EDT> <Info> <EJB> <74cedf75a32c> <myserver> <[ACTIVE] ExecuteThread: '3' for queue: 'weblogic.kernel.Default (self-tuning)'> <<WLS Kernel>> <> <> <1405712592561> <BEA-010009> <EJB deployed EJB with JNDI name ejb.mgmt.MEJB.> 
####<Jul 18, 2014 3:43:12 PM EDT> <Info> <EJB> <74cedf75a32c> <myserver> <[ACTIVE] ExecuteThread: '3' for queue: 'weblogic.kernel.Default (self-tuning)'> <<WLS Kernel>> <> <> <1405712592561> <BEA-014022> <javax.management.j2ee.ManagementHome is bound with JNDI name java:module/Mejb!javax.management.j2ee.ManagementHome.> 
####<Jul 18, 2014 3:43:12 PM EDT> <Info> <EJB> <74cedf75a32c> <myserver> <[ACTIVE] ExecuteThread: '3' for queue: 'weblogic.kernel.Default (self-tuning)'> <<WLS Kernel>> <> <> <1405712592561> <BEA-014022> <javax.management.j2ee.ManagementHome is bound with JNDI name java:global/mejb/Mejb!javax.management.j2ee.ManagementHome.> 
####<Jul 18, 2014 3:43:12 PM EDT> <Info> <EJB> <74cedf75a32c> <myserver> <[ACTIVE] ExecuteThread: '3' for queue: 'weblogic.kernel.Default (self-tuning)'> <<WLS Kernel>> <> <> <1405712592561> <BEA-014022> <javax.management.j2ee.ManagementHome is bound with JNDI name java:app/mejb/Mejb!javax.management.j2ee.ManagementHome.> 
####<Jul 18, 2014 3:43:12 PM EDT> <Info> <EJB> <74cedf75a32c> <myserver> <[ACTIVE] ExecuteThread: '3' for queue: 'weblogic.kernel.Default (self-tuning)'> <<WLS Kernel>> <> <> <1405712592562> <BEA-014021> <The EJB Mejb(Application: mejb, EJBComponent: mejb.jar) has been successfully deployed. The following remote interfaces have been bound into JNDI with the specified JNDI names:> 
####<Jul 18, 2014 3:43:26 PM EDT> <Info> <WorkManager> <74cedf75a32c> <myserver> <[ACTIVE] ExecuteThread: '0' for queue: 'weblogic.kernel.Default (self-tuning)'> <<WLS Kernel>> <> <> <1405712606802> <BEA-002901> <Creating Work Manager "consoleWorkManager" for module "null" and application "consoleapp"> 
####<Jul 18, 2014 3:43:29 PM EDT> <Info> <org.hibernate.validator.engine.resolver.DefaultTraversableResolver> <74cedf75a32c> <myserver> <[ACTIVE] ExecuteThread: '0' for queue: 'weblogic.kernel.Default (self-tuning)'> <<WLS Kernel>> <> <> <1405712609473> <BEA-000000> <Instantiated an instance of org.hibernate.validator.engine.resolver.JPATraversableResolver.> 
####<Jul 18, 2014 3:43:29 PM EDT> <Info> <org.hibernate.validator.engine.resolver.DefaultTraversableResolver> <74cedf75a32c> <myserver> <[ACTIVE] ExecuteThread: '0' for queue: 'weblogic.kernel.Default (self-tuning)'> <<WLS Kernel>> <> <> <1405712609477> <BEA-000000> <Instantiated an instance of org.hibernate.validator.engine.resolver.JPATraversableResolver.> 
####<Jul 18, 2014 3:43:29 PM EDT> <Info> <netuix> <74cedf75a32c> <myserver> <[ACTIVE] ExecuteThread: '0' for queue: 'weblogic.kernel.Default (self-tuning)'> <<anonymous>> <> <> <1405712609976> <BEA-423101> <[console] Initializing the NetUIx container> 
####<Jul 18, 2014 3:43:30 PM EDT> <Info> <netuix> <74cedf75a32c> <myserver> <[ACTIVE] ExecuteThread: '0' for queue: 'weblogic.kernel.Default (self-tuning)'> <<anonymous>> <> <> <1405712610678> <BEA-423120> <WEB-INF/client-classifications.xml file not found at uri [console//WEB-INF/client-classifications.xml]. Classifications functionality not enabled.> 
####<Jul 18, 2014 3:43:31 PM EDT> <Info> <PortletServer> <74cedf75a32c> <myserver> <[ACTIVE] ExecuteThread: '0' for queue: 'weblogic.kernel.Default (self-tuning)'> <<anonymous>> <> <> <1405712611161> <BEA-420666> <[console] Undeploying the portlet application in webapp [console].> 
####<Jul 18, 2014 3:43:32 PM EDT> <Info> <netuix> <74cedf75a32c> <myserver> <[ACTIVE] ExecuteThread: '0' for queue: 'weblogic.kernel.Default (self-tuning)'> <<anonymous>> <> <> <1405712612389> <BEA-423101> <[consolehelp] Initializing the NetUIx container> 
####<Jul 18, 2014 3:43:32 PM EDT> <Info> <netuix> <74cedf75a32c> <myserver> <[ACTIVE] ExecuteThread: '0' for queue: 'weblogic.kernel.Default (self-tuning)'> <<anonymous>> <> <> <1405712612408> <BEA-423120> <WEB-INF/client-classifications.xml file not found at uri [consolehelp//WEB-INF/client-classifications.xml]. Classifications functionality not enabled.> 
####<Jul 18, 2014 3:43:32 PM EDT> <Info> <PortletServer> <74cedf75a32c> <myserver> <[ACTIVE] ExecuteThread: '0' for queue: 'weblogic.kernel.Default (self-tuning)'> <<anonymous>> <> <> <1405712612425> <BEA-420666> <[consolehelp] Undeploying the portlet application in webapp [consolehelp].> 
